14:43:28.697 [main] INFO  com.DemoHybridFramework.qa.testCases.LoginTest - **** starting TC_005_LoginWithWithoutProvidingCredentials  *****
14:43:29.598 [main] INFO  com.DemoHybridFramework.qa.testCases.LoginTest - **** finishing TC_005_LoginWithWithoutProvidingCredentials  *****
14:43:50.058 [main] INFO  com.DemoHybridFramework.qa.testCases.LoginTest_DDT2 - **** Starting TC_003_LoginDDT *****
14:43:51.276 [main] INFO  com.DemoHybridFramework.qa.testCases.LoginTest_DDT2 - **** Finished TC_003_LoginDDT *****
14:43:55.538 [main] INFO  com.DemoHybridFramework.qa.testCases.LoginTest_DDT2 - **** Starting TC_003_LoginDDT *****
14:44:10.700 [main] INFO  com.DemoHybridFramework.qa.testCases.LoginTest_DDT2 - **** Starting TC_003_LoginDDT *****
14:44:11.911 [main] INFO  com.DemoHybridFramework.qa.testCases.LoginTest_DDT2 - **** Finished TC_003_LoginDDT *****
14:44:16.522 [main] INFO  com.DemoHybridFramework.qa.testCases.LoginTest_DDT2 - **** Starting TC_003_LoginDDT *****
14:49:32.115 [main] INFO  com.DemoHybridFramework.qa.testCases.LoginTest - **** starting TC_001_LoginWithValidCredentials  *****
14:49:32.913 [main] INFO  com.DemoHybridFramework.qa.testCases.LoginTest - **** finishing TC_001_LoginWithValidCredentials  *****
14:49:37.162 [main] INFO  com.DemoHybridFramework.qa.testCases.LoginTest - **** starting TC_002_LoginWithInValidCredentials  *****
14:49:37.849 [main] INFO  com.DemoHybridFramework.qa.testCases.LoginTest - **** finishing TC_002_LoginWithInValidCredentials  *****
14:49:42.128 [main] INFO  com.DemoHybridFramework.qa.testCases.LoginTest - **** starting TC_003_LoginWithInValidEmailAndValidPasswordls  *****
14:49:42.757 [main] INFO  com.DemoHybridFramework.qa.testCases.LoginTest - **** finishing TC_003_LoginWithInValidEmailAndValidPasswordls  *****
14:49:46.938 [main] INFO  com.DemoHybridFramework.qa.testCases.LoginTest - **** starting TC_004_LoginWithValidEmailAndValidPassword  *****
14:49:47.621 [main] INFO  com.DemoHybridFramework.qa.testCases.LoginTest - **** finishing TC_004_LoginWithValidEmailAndValidPassword  *****
14:49:51.917 [main] INFO  com.DemoHybridFramework.qa.testCases.LoginTest - **** starting TC_005_LoginWithWithoutProvidingCredentials  *****
14:49:52.367 [main] INFO  com.DemoHybridFramework.qa.testCases.LoginTest - **** finishing TC_005_LoginWithWithoutProvidingCredentials  *****
14:50:13.005 [main] INFO  com.DemoHybridFramework.qa.testCases.LoginTest_DDT2 - **** Starting TC_003_LoginDDT *****
14:50:14.208 [main] INFO  com.DemoHybridFramework.qa.testCases.LoginTest_DDT2 - **** Finished TC_003_LoginDDT *****
14:50:18.782 [main] INFO  com.DemoHybridFramework.qa.testCases.LoginTest_DDT2 - **** Starting TC_003_LoginDDT *****
14:50:33.913 [main] INFO  com.DemoHybridFramework.qa.testCases.LoginTest_DDT2 - **** Starting TC_003_LoginDDT *****
14:50:35.127 [main] INFO  com.DemoHybridFramework.qa.testCases.LoginTest_DDT2 - **** Finished TC_003_LoginDDT *****
14:50:39.630 [main] INFO  com.DemoHybridFramework.qa.testCases.LoginTest_DDT2 - **** Starting TC_003_LoginDDT *****
14:53:32.546 [main] INFO  com.DemoHybridFramework.qa.testCases.LoginTest - **** starting TC_001_LoginWithValidCredentials  *****
14:53:33.345 [main] INFO  com.DemoHybridFramework.qa.testCases.LoginTest - **** finishing TC_001_LoginWithValidCredentials  *****
14:53:37.414 [main] INFO  com.DemoHybridFramework.qa.testCases.LoginTest - **** starting TC_002_LoginWithInValidCredentials  *****
14:53:38.077 [main] INFO  com.DemoHybridFramework.qa.testCases.LoginTest - **** finishing TC_002_LoginWithInValidCredentials  *****
14:53:42.353 [main] INFO  com.DemoHybridFramework.qa.testCases.LoginTest - **** starting TC_003_LoginWithInValidEmailAndValidPasswordls  *****
14:53:43.080 [main] INFO  com.DemoHybridFramework.qa.testCases.LoginTest - **** finishing TC_003_LoginWithInValidEmailAndValidPasswordls  *****
14:53:47.558 [main] INFO  com.DemoHybridFramework.qa.testCases.LoginTest - **** starting TC_004_LoginWithValidEmailAndValidPassword  *****
14:53:48.546 [main] INFO  com.DemoHybridFramework.qa.testCases.LoginTest - **** finishing TC_004_LoginWithValidEmailAndValidPassword  *****
14:53:52.874 [main] INFO  com.DemoHybridFramework.qa.testCases.LoginTest - **** starting TC_005_LoginWithWithoutProvidingCredentials  *****
14:53:53.710 [main] INFO  com.DemoHybridFramework.qa.testCases.LoginTest - **** finishing TC_005_LoginWithWithoutProvidingCredentials  *****
14:54:14.329 [main] INFO  com.DemoHybridFramework.qa.testCases.LoginTest_DDT2 - **** Starting TC_003_LoginDDT *****
14:54:15.878 [main] INFO  com.DemoHybridFramework.qa.testCases.LoginTest_DDT2 - **** Finished TC_003_LoginDDT *****
14:54:20.261 [main] INFO  com.DemoHybridFramework.qa.testCases.LoginTest_DDT2 - **** Starting TC_003_LoginDDT *****
16:43:50.212 [main] INFO  com.DemoHybridFramework.qa.testCases.LoginTest - **** starting TC_001_LoginWithValidCredentials  *****
16:43:51.092 [main] INFO  com.DemoHybridFramework.qa.testCases.LoginTest - **** finishing TC_001_LoginWithValidCredentials  *****
