15:58:21.330 [main] INFO  com.DemoHybridFramework.qa.testCases.LoginTest - **** finishing TC_005_LoginWithWithoutProvidingCredentials  *****
15:58:46.182 [main] INFO  com.DemoHybridFramework.qa.testCases.LoginTest_DDT2 - **** Starting TC_003_LoginDDT *****
15:58:57.116 [main] INFO  com.DemoHybridFramework.qa.testCases.LoginTest_DDT2 - **** Finished TC_003_LoginDDT *****
15:59:03.537 [main] INFO  com.DemoHybridFramework.qa.testCases.LoginTest_DDT2 - **** Starting TC_003_LoginDDT *****
15:59:14.373 [main] INFO  com.DemoHybridFramework.qa.testCases.LoginTest_DDT2 - **** Finished TC_003_LoginDDT *****
17:08:08.101 [main] INFO  com.DemoHybridFramework.qa.testCases.LoginTest - **** starting TC_001_LoginWithValidCredentials  *****
17:08:09.181 [main] INFO  com.DemoHybridFramework.qa.testCases.LoginTest - **** finishing TC_001_LoginWithValidCredentials  *****
17:08:15.506 [main] INFO  com.DemoHybridFramework.qa.testCases.LoginTest - **** starting TC_002_LoginWithInValidCredentials  *****
17:08:16.434 [main] INFO  com.DemoHybridFramework.qa.testCases.LoginTest - **** finishing TC_002_LoginWithInValidCredentials  *****
17:08:22.389 [main] INFO  com.DemoHybridFramework.qa.testCases.LoginTest - **** starting TC_003_LoginWithInValidEmailAndValidPasswordls  *****
17:08:23.371 [main] INFO  com.DemoHybridFramework.qa.testCases.LoginTest - **** finishing TC_003_LoginWithInValidEmailAndValidPasswordls  *****
17:08:29.262 [main] INFO  com.DemoHybridFramework.qa.testCases.LoginTest - **** starting TC_004_LoginWithValidEmailAndValidPassword  *****
17:08:30.301 [main] INFO  com.DemoHybridFramework.qa.testCases.LoginTest - **** finishing TC_004_LoginWithValidEmailAndValidPassword  *****
17:08:36.155 [main] INFO  com.DemoHybridFramework.qa.testCases.LoginTest - **** starting TC_005_LoginWithWithoutProvidingCredentials  *****
17:08:36.786 [main] INFO  com.DemoHybridFramework.qa.testCases.LoginTest - **** finishing TC_005_LoginWithWithoutProvidingCredentials  *****
17:09:05.189 [main] INFO  com.DemoHybridFramework.qa.testCases.LoginTest_DDT2 - **** Starting TC_003_LoginDDT *****
17:09:16.100 [main] INFO  com.DemoHybridFramework.qa.testCases.LoginTest_DDT2 - **** Finished TC_003_LoginDDT *****
17:09:22.508 [main] INFO  com.DemoHybridFramework.qa.testCases.LoginTest_DDT2 - **** Starting TC_003_LoginDDT *****
17:09:33.500 [main] INFO  com.DemoHybridFramework.qa.testCases.LoginTest_DDT2 - **** Finished TC_003_LoginDDT *****
17:12:16.142 [main] INFO  com.DemoHybridFramework.qa.testCases.LoginTest - **** starting TC_001_LoginWithValidCredentials  *****
17:12:17.307 [main] INFO  com.DemoHybridFramework.qa.testCases.LoginTest - **** finishing TC_001_LoginWithValidCredentials  *****
17:12:23.790 [main] INFO  com.DemoHybridFramework.qa.testCases.LoginTest - **** starting TC_002_LoginWithInValidCredentials  *****
17:12:24.849 [main] INFO  com.DemoHybridFramework.qa.testCases.LoginTest - **** finishing TC_002_LoginWithInValidCredentials  *****
17:12:31.506 [main] INFO  com.DemoHybridFramework.qa.testCases.LoginTest - **** starting TC_003_LoginWithInValidEmailAndValidPasswordls  *****
17:12:32.524 [main] INFO  com.DemoHybridFramework.qa.testCases.LoginTest - **** finishing TC_003_LoginWithInValidEmailAndValidPasswordls  *****
17:12:38.751 [main] INFO  com.DemoHybridFramework.qa.testCases.LoginTest - **** starting TC_004_LoginWithValidEmailAndValidPassword  *****
17:12:39.868 [main] INFO  com.DemoHybridFramework.qa.testCases.LoginTest - **** finishing TC_004_LoginWithValidEmailAndValidPassword  *****
17:12:46.463 [main] INFO  com.DemoHybridFramework.qa.testCases.LoginTest - **** starting TC_005_LoginWithWithoutProvidingCredentials  *****
17:12:47.021 [main] INFO  com.DemoHybridFramework.qa.testCases.LoginTest - **** finishing TC_005_LoginWithWithoutProvidingCredentials  *****
17:13:16.653 [main] INFO  com.DemoHybridFramework.qa.testCases.LoginTest_DDT2 - **** Starting TC_003_LoginDDT *****
17:13:27.580 [main] INFO  com.DemoHybridFramework.qa.testCases.LoginTest_DDT2 - **** Finished TC_003_LoginDDT *****
17:13:34.554 [main] INFO  com.DemoHybridFramework.qa.testCases.LoginTest_DDT2 - **** Starting TC_003_LoginDDT *****
17:13:45.517 [main] INFO  com.DemoHybridFramework.qa.testCases.LoginTest_DDT2 - **** Finished TC_003_LoginDDT *****
22:25:17.714 [main] INFO  com.DemoHybridFramework.qa.testCases.LoginTest - **** starting TC_001_LoginWithValidCredentials  *****
22:25:18.589 [main] INFO  com.DemoHybridFramework.qa.testCases.LoginTest - **** finishing TC_001_LoginWithValidCredentials  *****
22:25:24.165 [main] INFO  com.DemoHybridFramework.qa.testCases.LoginTest - **** starting TC_002_LoginWithInValidCredentials  *****
22:25:25.108 [main] INFO  com.DemoHybridFramework.qa.testCases.LoginTest - **** finishing TC_002_LoginWithInValidCredentials  *****
22:25:29.963 [main] INFO  com.DemoHybridFramework.qa.testCases.LoginTest - **** starting TC_003_LoginWithInValidEmailAndValidPasswordls  *****
22:25:30.678 [main] INFO  com.DemoHybridFramework.qa.testCases.LoginTest - **** finishing TC_003_LoginWithInValidEmailAndValidPasswordls  *****
