16:43:56.123 [main] INFO  com.DemoHybridFramework.qa.testCases.LoginTest - **** starting TC_002_LoginWithInValidCredentials  *****
16:43:56.967 [main] INFO  com.DemoHybridFramework.qa.testCases.LoginTest - **** finishing TC_002_LoginWithInValidCredentials  *****
16:44:02.453 [main] INFO  com.DemoHybridFramework.qa.testCases.LoginTest - **** starting TC_003_LoginWithInValidEmailAndValidPasswordls  *****
16:44:03.178 [main] INFO  com.DemoHybridFramework.qa.testCases.LoginTest - **** finishing TC_003_LoginWithInValidEmailAndValidPasswordls  *****
16:44:08.071 [main] INFO  com.DemoHybridFramework.qa.testCases.LoginTest - **** starting TC_004_LoginWithValidEmailAndValidPassword  *****
16:44:08.789 [main] INFO  com.DemoHybridFramework.qa.testCases.LoginTest - **** finishing TC_004_LoginWithValidEmailAndValidPassword  *****
16:44:13.628 [main] INFO  com.DemoHybridFramework.qa.testCases.LoginTest - **** starting TC_005_LoginWithWithoutProvidingCredentials  *****
16:44:14.104 [main] INFO  com.DemoHybridFramework.qa.testCases.LoginTest - **** finishing TC_005_LoginWithWithoutProvidingCredentials  *****
16:44:36.526 [main] INFO  com.DemoHybridFramework.qa.testCases.LoginTest_DDT2 - **** Starting TC_003_LoginDDT *****
16:44:37.771 [main] INFO  com.DemoHybridFramework.qa.testCases.LoginTest_DDT2 - **** Finished TC_003_LoginDDT *****
16:44:42.601 [main] INFO  com.DemoHybridFramework.qa.testCases.LoginTest_DDT2 - **** Starting TC_003_LoginDDT *****
17:13:33.154 [main] INFO  com.DemoHybridFramework.qa.testCases.LoginTest - **** starting TC_001_LoginWithValidCredentials  *****
17:13:34.058 [main] INFO  com.DemoHybridFramework.qa.testCases.LoginTest - **** finishing TC_001_LoginWithValidCredentials  *****
17:13:38.876 [main] INFO  com.DemoHybridFramework.qa.testCases.LoginTest - **** starting TC_002_LoginWithInValidCredentials  *****
17:13:39.732 [main] INFO  com.DemoHybridFramework.qa.testCases.LoginTest - **** finishing TC_002_LoginWithInValidCredentials  *****
17:13:44.687 [main] INFO  com.DemoHybridFramework.qa.testCases.LoginTest - **** starting TC_003_LoginWithInValidEmailAndValidPasswordls  *****
17:13:45.635 [main] INFO  com.DemoHybridFramework.qa.testCases.LoginTest - **** finishing TC_003_LoginWithInValidEmailAndValidPasswordls  *****
17:13:50.737 [main] INFO  com.DemoHybridFramework.qa.testCases.LoginTest - **** starting TC_004_LoginWithValidEmailAndValidPassword  *****
17:13:51.648 [main] INFO  com.DemoHybridFramework.qa.testCases.LoginTest - **** finishing TC_004_LoginWithValidEmailAndValidPassword  *****
17:13:56.592 [main] INFO  com.DemoHybridFramework.qa.testCases.LoginTest - **** starting TC_005_LoginWithWithoutProvidingCredentials  *****
17:13:57.283 [main] INFO  com.DemoHybridFramework.qa.testCases.LoginTest - **** finishing TC_005_LoginWithWithoutProvidingCredentials  *****
17:14:20.211 [main] INFO  com.DemoHybridFramework.qa.testCases.LoginTest_DDT2 - **** Starting TC_003_LoginDDT *****
17:14:21.626 [main] INFO  com.DemoHybridFramework.qa.testCases.LoginTest_DDT2 - **** Finished TC_003_LoginDDT *****
17:14:26.638 [main] INFO  com.DemoHybridFramework.qa.testCases.LoginTest_DDT2 - **** Starting TC_003_LoginDDT *****
17:14:43.845 [main] INFO  com.DemoHybridFramework.qa.testCases.LoginTest_DDT2 - **** Starting TC_003_LoginDDT *****
17:14:45.155 [main] INFO  com.DemoHybridFramework.qa.testCases.LoginTest_DDT2 - **** Finished TC_003_LoginDDT *****
17:14:50.163 [main] INFO  com.DemoHybridFramework.qa.testCases.LoginTest_DDT2 - **** Starting TC_003_LoginDDT *****
18:55:51.049 [main] INFO  com.DemoHybridFramework.qa.testCases.LoginTest - **** starting TC_001_LoginWithValidCredentials  *****
18:55:52.159 [main] INFO  com.DemoHybridFramework.qa.testCases.LoginTest - **** finishing TC_001_LoginWithValidCredentials  *****
18:55:57.939 [main] INFO  com.DemoHybridFramework.qa.testCases.LoginTest - **** starting TC_002_LoginWithInValidCredentials  *****
18:55:58.877 [main] INFO  com.DemoHybridFramework.qa.testCases.LoginTest - **** finishing TC_002_LoginWithInValidCredentials  *****
18:56:04.244 [main] INFO  com.DemoHybridFramework.qa.testCases.LoginTest - **** starting TC_003_LoginWithInValidEmailAndValidPasswordls  *****
18:56:05.017 [main] INFO  com.DemoHybridFramework.qa.testCases.LoginTest - **** finishing TC_003_LoginWithInValidEmailAndValidPasswordls  *****
18:56:10.416 [main] INFO  com.DemoHybridFramework.qa.testCases.LoginTest - **** starting TC_004_LoginWithValidEmailAndValidPassword  *****
18:56:11.331 [main] INFO  com.DemoHybridFramework.qa.testCases.LoginTest - **** finishing TC_004_LoginWithValidEmailAndValidPassword  *****
18:56:16.888 [main] INFO  com.DemoHybridFramework.qa.testCases.LoginTest - **** starting TC_005_LoginWithWithoutProvidingCredentials  *****
18:56:17.419 [main] INFO  com.DemoHybridFramework.qa.testCases.LoginTest - **** finishing TC_005_LoginWithWithoutProvidingCredentials  *****
18:56:42.753 [main] INFO  com.DemoHybridFramework.qa.testCases.LoginTest_DDT2 - **** Starting TC_003_LoginDDT *****
