22:25:35.813 [main] INFO  com.DemoHybridFramework.qa.testCases.LoginTest - **** starting TC_004_LoginWithValidEmailAndValidPassword  *****
22:25:36.703 [main] INFO  com.DemoHybridFramework.qa.testCases.LoginTest - **** finishing TC_004_LoginWithValidEmailAndValidPassword  *****
22:25:41.461 [main] INFO  com.DemoHybridFramework.qa.testCases.LoginTest - **** starting TC_005_LoginWithWithoutProvidingCredentials  *****
22:25:41.855 [main] INFO  com.DemoHybridFramework.qa.testCases.LoginTest - **** finishing TC_005_LoginWithWithoutProvidingCredentials  *****
22:26:04.385 [main] INFO  com.DemoHybridFramework.qa.testCases.LoginTest_DDT2 - **** Starting TC_003_LoginDDT *****
22:26:15.046 [main] INFO  com.DemoHybridFramework.qa.testCases.LoginTest_DDT2 - **** Finished TC_003_LoginDDT *****
22:26:20.339 [main] INFO  com.DemoHybridFramework.qa.testCases.LoginTest_DDT2 - **** Starting TC_003_LoginDDT *****
22:26:31.240 [main] INFO  com.DemoHybridFramework.qa.testCases.LoginTest_DDT2 - **** Finished TC_003_LoginDDT *****
22:28:32.369 [main] INFO  com.DemoHybridFramework.qa.testCases.LoginTest - **** starting TC_001_LoginWithValidCredentials  *****
22:28:33.478 [main] INFO  com.DemoHybridFramework.qa.testCases.LoginTest - **** finishing TC_001_LoginWithValidCredentials  *****
22:28:39.239 [main] INFO  com.DemoHybridFramework.qa.testCases.LoginTest - **** starting TC_002_LoginWithInValidCredentials  *****
22:28:40.546 [main] INFO  com.DemoHybridFramework.qa.testCases.LoginTest - **** finishing TC_002_LoginWithInValidCredentials  *****
22:28:45.590 [main] INFO  com.DemoHybridFramework.qa.testCases.LoginTest - **** starting TC_003_LoginWithInValidEmailAndValidPasswordls  *****
22:28:46.486 [main] INFO  com.DemoHybridFramework.qa.testCases.LoginTest - **** finishing TC_003_LoginWithInValidEmailAndValidPasswordls  *****
22:28:51.362 [main] INFO  com.DemoHybridFramework.qa.testCases.LoginTest - **** starting TC_004_LoginWithValidEmailAndValidPassword  *****
22:28:52.237 [main] INFO  com.DemoHybridFramework.qa.testCases.LoginTest - **** finishing TC_004_LoginWithValidEmailAndValidPassword  *****
22:28:57.428 [main] INFO  com.DemoHybridFramework.qa.testCases.LoginTest - **** starting TC_005_LoginWithWithoutProvidingCredentials  *****
22:28:58.160 [main] INFO  com.DemoHybridFramework.qa.testCases.LoginTest - **** finishing TC_005_LoginWithWithoutProvidingCredentials  *****
22:29:23.729 [main] INFO  com.DemoHybridFramework.qa.testCases.LoginTest_DDT2 - **** Starting TC_003_LoginDDT *****
22:29:34.414 [main] INFO  com.DemoHybridFramework.qa.testCases.LoginTest_DDT2 - **** Finished TC_003_LoginDDT *****
22:29:41.315 [main] INFO  com.DemoHybridFramework.qa.testCases.LoginTest_DDT2 - **** Starting TC_003_LoginDDT *****
22:29:52.058 [main] INFO  com.DemoHybridFramework.qa.testCases.LoginTest_DDT2 - **** Finished TC_003_LoginDDT *****
